<?xml version="1.0" encoding="UTF-8"?>
<!-- Generated by org.testng.reporters.JUnitReportReporter -->
<testsuite hostname="DESKTOP-773JB5A" failures="0" tests="2" name="fundmodule.Checloginfunctionality" time="18.530" errors="0" timestamp="2022-10-16T20:03:27 IST" skipped="0">
  <testcase classname="fundmodule.Checloginfunctionality" name="verifyusercanaddfund" time="4.976"/>
  <system-out/>
  <testcase classname="fundmodule.Checloginfunctionality" name="Verifyusercanlogin" time="13.554"/>
  <system-out/>
</testsuite> <!-- fundmodule.Checloginfunctionality -->
