<?xml version="1.0" encoding="UTF-8"?>
<!-- Generated by org.testng.reporters.JUnitReportReporter -->
<testsuite hostname="DESKTOP-773JB5A" failures="0" tests="5" name="fundmodule.Checloginfunctionality" time="37.270" errors="0" timestamp="2022-10-22T08:27:42 IST" skipped="0">
  <testcase classname="fundmodule.Checloginfunctionality" name="Verifyusercanlogin" time="9.452"/>
  <system-out/>
  <testcase classname="fundmodule.Checloginfunctionality" name="verifyusercanclickonfundbutton" time="0.534"/>
  <system-out/>
  <testcase classname="fundmodule.Checloginfunctionality" name="verifyusercanopenaddfundbuttonwindow" time="9.363"/>
  <system-out/>
  <testcase classname="fundmodule.Checloginfunctionality" name="verifyusercanaddfund" time="0.337"/>
  <system-out/>
  <testcase classname="fundmodule.Checloginfunctionality" name="verifypaymentstatus" time="17.584"/>
  <system-out/>
</testsuite> <!-- fundmodule.Checloginfunctionality -->
