<?xml version="1.0" encoding="UTF-8"?>
<!-- Generated by org.testng.reporters.JUnitReportReporter -->
<testsuite hostname="DESKTOP-773JB5A" failures="0" tests="5" name="fundmodule.Checloginfunctionality" time="22.152" errors="0" timestamp="2022-10-18T23:54:36 IST" skipped="0">
  <testcase classname="fundmodule.Checloginfunctionality" name="Verifyusercanlogin" time="8.552"/>
  <system-out/>
  <testcase classname="fundmodule.Checloginfunctionality" name="verifyusercanclickonfundbutton" time="0.183"/>
  <system-out/>
  <testcase classname="fundmodule.Checloginfunctionality" name="verifyusercanopenaddfundbuttonwindow" time="0.225"/>
  <system-out/>
  <testcase classname="fundmodule.Checloginfunctionality" name="verifyusercanaddfund" time="2.941"/>
  <system-out/>
  <testcase classname="fundmodule.Checloginfunctionality" name="verifypaymentstatus" time="10.251"/>
  <system-out/>
</testsuite> <!-- fundmodule.Checloginfunctionality -->
