<?xml version="1.0" encoding="UTF-8"?>
<!-- Generated by org.testng.reporters.JUnitReportReporter -->
<testsuite hostname="DESKTOP-773JB5A" failures="0" tests="1" name="fundmodule.verifyusercanclickonelment" time="0.539" errors="0" timestamp="2022-10-22T08:27:42 IST" skipped="0">
  <testcase classname="fundmodule.verifyusercanclickonelment" name="Verifyusercanclickonelement" time="0.539"/>
  <system-out/>
</testsuite> <!-- fundmodule.verifyusercanclickonelment -->
